2024-05-23 20:09:23 [scrapy.utils.log] INFO: Scrapy 2.11.2 started (bot: knjige_scraper)
2024-05-23 20:09:23 [scrapy.utils.log] INFO: Versions: lxml 5.2.2.0, libxml2 2.12.6, cssselect 1.2.0, parsel 1.9.1, w3lib 2.1.2, Twisted 24.3.0, Python 3.10.12 (main, Nov 20 2023, 15:14:05) [GCC 11.4.0], pyOpenSSL 24.1.0 (OpenSSL 3.2.1 30 Jan 2024), cryptography 42.0.7, Platform Linux-5.15.146.1-microsoft-standard-WSL2-x86_64-with-glibc2.35
2024-05-23 20:09:23 [scrapy.addons] INFO: Enabled addons:
[]
2024-05-23 20:09:23 [scrapy.extensions.telnet] INFO: Telnet Password: 398b5a72a42802c3
2024-05-23 20:09:23 [scrapy.middleware] INFO: Enabled extensions:
['scrapy.extensions.corestats.CoreStats',
 'scrapy.extensions.telnet.TelnetConsole',
 'scrapy.extensions.memusage.MemoryUsage',
 'scrapy.extensions.closespider.CloseSpider',
 'scrapy.extensions.logstats.LogStats']
2024-05-23 20:09:23 [scrapy.crawler] INFO: Overridden settings:
{'BOT_NAME': 'knjige_scraper',
 'CLOSESPIDER_PAGECOUNT': 5,
 'DOWNLOAD_DELAY': 0.1,
 'FEED_EXPORT_ENCODING': 'utf-8',
 'LOG_FILE': 'logs/scrapy_20240523_200923.log',
 'LOG_LEVEL': 'INFO',
 'NEWSPIDER_MODULE': 'knjige_scraper.spiders',
 'REQUEST_FINGERPRINTER_IMPLEMENTATION': '2.7',
 'ROBOTSTXT_OBEY': True,
 'SPIDER_MODULES': ['knjige_scraper.spiders'],
 'TWISTED_REACTOR': 'twisted.internet.asyncioreactor.AsyncioSelectorReactor'}
2024-05-23 20:09:23 [scrapy.middleware] INFO: Enabled downloader middlewares:
['scrapy.downloadermiddlewares.offsite.OffsiteMiddleware',
 'scrapy.downloadermiddlewares.robotstxt.RobotsTxtMiddleware',
 'scrapy.downloadermiddlewares.httpauth.HttpAuthMiddleware',
 'scrapy.downloadermiddlewares.downloadtimeout.DownloadTimeoutMiddleware',
 'scrapy.downloadermiddlewares.defaultheaders.DefaultHeadersMiddleware',
 'scrapy.downloadermiddlewares.useragent.UserAgentMiddleware',
 'scrapy.downloadermiddlewares.retry.RetryMiddleware',
 'scrapy.downloadermiddlewares.redirect.MetaRefreshMiddleware',
 'scrapy.downloadermiddlewares.httpcompression.HttpCompressionMiddleware',
 'scrapy.downloadermiddlewares.redirect.RedirectMiddleware',
 'scrapy.downloadermiddlewares.cookies.CookiesMiddleware',
 'scrapy.downloadermiddlewares.httpproxy.HttpProxyMiddleware',
 'scrapy.downloadermiddlewares.stats.DownloaderStats']
2024-05-23 20:09:23 [scrapy.middleware] INFO: Enabled spider middlewares:
['scrapy.spidermiddlewares.httperror.HttpErrorMiddleware',
 'scrapy.spidermiddlewares.referer.RefererMiddleware',
 'scrapy.spidermiddlewares.urllength.UrlLengthMiddleware',
 'scrapy.spidermiddlewares.depth.DepthMiddleware']
2024-05-23 20:09:25 [scrapy.middleware] INFO: Enabled item pipelines:
['knjige_scraper.pipelines.KnjigeScraperPipeline']
2024-05-23 20:09:25 [scrapy.core.engine] INFO: Spider opened
2024-05-23 20:09:25 [scrapy.extensions.logstats] INFO: Crawled 0 pages (at 0 pages/min), scraped 0 items (at 0 items/min)
2024-05-23 20:09:25 [scrapy.extensions.telnet] INFO: Telnet console listening on 127.0.0.1:6026
2024-05-23 20:09:33 [scraper] INFO: Sledeca strana!!!!!!! https://www.knjizare-vulkan.rs/domace-knjige/page-1
2024-05-23 20:09:34 [scraper] INFO: URL !!!!!!!!!!!!!https://www.knjizare-vulkan.rs/poezija/223267-vucja-so
2024-05-23 20:09:34 [scrapy.core.engine] INFO: Closing spider (closespider_pagecount)
2024-05-23 20:09:34 [scraper] INFO: URL !!!!!!!!!!!!!https://www.knjizare-vulkan.rs/decje-knjige-za-uzrast-od-3-do-6-godina/224587-ucim-da-crtam-2
2024-05-23 20:09:34 [scraper] INFO: URL !!!!!!!!!!!!!https://www.knjizare-vulkan.rs/poezija/223277-izabrane-pesme-rastka-petrovica
2024-05-23 20:09:34 [scraper] INFO: URL !!!!!!!!!!!!!https://www.knjizare-vulkan.rs/poezija/223272-zivo-meso
2024-05-23 20:09:34 [scraper] INFO: URL !!!!!!!!!!!!!https://www.knjizare-vulkan.rs/poezija/223287-izabrane-pesme-radeta-drainca
2024-05-23 20:09:35 [scraper] INFO: URL !!!!!!!!!!!!!https://www.knjizare-vulkan.rs/poezija/223282-averno
2024-05-23 20:09:35 [scraper] INFO: URL !!!!!!!!!!!!!https://www.knjizare-vulkan.rs/poezija/223292-sabrane-pesme-branka-ve-poljanskog
2024-05-23 20:09:35 [scraper] INFO: URL !!!!!!!!!!!!!https://www.knjizare-vulkan.rs/poezija/223302-izabrane-pesme-vladislava-petkovica-disa
2024-05-23 20:09:35 [scraper] INFO: URL !!!!!!!!!!!!!https://www.knjizare-vulkan.rs/istorija/223875-utisani-glasovi
2024-05-23 20:09:35 [scraper] INFO: URL !!!!!!!!!!!!!https://www.knjizare-vulkan.rs/poezija/223297-izabrane-pesme-branka-miljkovica
2024-05-23 20:09:35 [scraper] INFO: URL !!!!!!!!!!!!!https://www.knjizare-vulkan.rs/pripovetke/223985-poslednja-grofica-brankovicka
2024-05-23 20:09:36 [scraper] INFO: URL !!!!!!!!!!!!!https://www.knjizare-vulkan.rs/domace-biografije-memoari-dnevnici-pisma/223990-srpska-epistolarna-antologija-xix-veka
2024-05-23 20:09:36 [scraper] INFO: URL !!!!!!!!!!!!!https://www.knjizare-vulkan.rs/istorija/223980-macevi-vatikana
2024-05-23 20:09:36 [scraper] INFO: URL !!!!!!!!!!!!!https://www.knjizare-vulkan.rs/ljubavni-roman/224083-predivni-stranac-tiktok-hit
2024-05-23 20:09:36 [scraper] INFO: URL !!!!!!!!!!!!!https://www.knjizare-vulkan.rs/romani-i-price-za-decu-od-10-do-12-godina/223995-foksi-i-tajna-nepromocivih-sesira
2024-05-23 20:09:36 [scraper] INFO: URL !!!!!!!!!!!!!https://www.knjizare-vulkan.rs/ljubavni-roman/224088-leto-prekrsenih-pravila-tiktok-hit
2024-05-23 20:09:36 [scraper] INFO: URL !!!!!!!!!!!!!https://www.knjizare-vulkan.rs/asertivnost-motivacija-samopostovanje/224093-mijang-sang-korejska-umetnost-zivotne-meditacije
2024-05-23 20:09:40 [scraper] INFO: Sledeca strana!!!!!!! https://www.knjizare-vulkan.rs/domace-knjige/page-2
2024-05-23 20:09:40 [scrapy.statscollectors] INFO: Dumping Scrapy stats:
{'downloader/request_bytes': 9399,
 'downloader/request_count': 20,
 'downloader/request_method_count/GET': 20,
 'downloader/response_bytes': 695435,
 'downloader/response_count': 20,
 'downloader/response_status_count/200': 20,
 'elapsed_time_seconds': 15.029377,
 'finish_reason': 'closespider_pagecount',
 'finish_time': datetime.datetime(2024, 5, 23, 18, 9, 40, 329535, tzinfo=datetime.timezone.utc),
 'httpcompression/response_bytes': 6691872,
 'httpcompression/response_count': 20,
 'item_scraped_count': 17,
 'log_count/INFO': 29,
 'memusage/max': 70225920,
 'memusage/startup': 70225920,
 'request_depth_max': 2,
 'response_received_count': 20,
 'robotstxt/request_count': 1,
 'robotstxt/response_count': 1,
 'robotstxt/response_status_count/200': 1,
 'scheduler/dequeued': 19,
 'scheduler/dequeued/memory': 19,
 'scheduler/enqueued': 51,
 'scheduler/enqueued/memory': 51,
 'start_time': datetime.datetime(2024, 5, 23, 18, 9, 25, 300158, tzinfo=datetime.timezone.utc)}
2024-05-23 20:09:40 [scrapy.core.engine] INFO: Spider closed (closespider_pagecount)
